<?xml version="1.0" encoding="UTF-8"?>
<testsuites name="jest tests" tests="3" failures="0" time="1.284">
  <testsuite name="HttpServiceClient" errors="0" failures="0" skipped="0" timestamp="2020-07-28T20:20:46" time="0.717" tests="2">
    <testcase classname="HttpServiceClient testservice client snapshot" name="HttpServiceClient testservice client snapshot" time="0.005">
    </testcase>
    <testcase classname="HttpServiceClient testservice custom classes snapshot" name="HttpServiceClient testservice custom classes snapshot" time="0">
    </testcase>
  </testsuite>
  <testsuite name="SplitModels" errors="0" failures="0" skipped="0" timestamp="2020-07-28T20:20:46" time="0.727" tests="1">
    <testcase classname="SplitModels generated file snapshots" name="SplitModels generated file snapshots" time="0.004">
    </testcase>
  </testsuite>
</testsuites>